Flutter crash report; please file at https://github.com/flutter/flutter/issues.

## command

flutter build flx --suppress-analytics --target /home/sushma/Hacks/finlog/lib/main.dart --output-file /home/sushma/Hacks/finlog/build/app/intermediates/flutter/debug/app.flx --snapshot /home/sushma/Hacks/finlog/build/app/intermediates/flutter/debug/snapshot_blob.bin --depfile /home/sushma/Hacks/finlog/build/app/intermediates/flutter/debug/snapshot_blob.bin.d --working-dir /home/sushma/Hacks/finlog/build/app/intermediates/flutter/debug/flutter_assets

## exception

ProcessException: ProcessException: No such file or directory
  Command: /home/sushma/Tools/flutter/bin/cache/artifacts/engine/android-arm-profile/linux-x64/gen_snapshot --await_is_keyword --causal_async_stacks --vm_snapshot_data=/home/sushma/Tools/flutter/bin/cache/artifacts/engine/linux-x64/vm_isolate_snapshot.bin --isolate_snapshot_data=/home/sushma/Tools/flutter/bin/cache/artifacts/engine/linux-x64/isolate_snapshot.bin --packages=/home/sushma/Hacks/finlog/.packages --dependencies=/home/sushma/Hacks/finlog/build/app/intermediates/flutter/debug/snapshot_blob.bin.d --print_snapshot_sizes --snapshot_kind=script --script_snapshot=/home/sushma/Hacks/finlog/build/app/intermediates/flutter/debug/snapshot_blob.bin --enable-mirrors=false /home/sushma/Hacks/finlog/lib/main.dart

```
#0      runCommandAndStreamOutput (package:flutter_tools/src/base/process.dart:126)
<asynchronous suspension>
#1      GenSnapshot.run (package:flutter_tools/src/base/build.dart:53)
#2      Snapshotter._build (package:flutter_tools/src/base/build.dart:209)
<asynchronous suspension>
#3      Snapshotter.buildScriptSnapshot (package:flutter_tools/src/base/build.dart:174)
<asynchronous suspension>
#4      build (package:flutter_tools/src/flx.dart:62)
<asynchronous suspension>
#5      BuildFlxCommand.runCommand (package:flutter_tools/src/commands/build_flx.dart:50)
<asynchronous suspension>
#6      FlutterCommand.verifyThenRunCommand (package:flutter_tools/src/runner/flutter_command.dart:290)
<asynchronous suspension>
#7      FlutterCommand.run (package:flutter_tools/src/runner/flutter_command.dart:228)
<asynchronous suspension>
#8      CommandRunner.runCommand (package:args/command_runner.dart:194)
<asynchronous suspension>
#9      FlutterCommandRunner.runCommand (package:flutter_tools/src/runner/flutter_command_runner.dart:286)
<asynchronous suspension>
#10     CommandRunner.run.<anonymous closure> (package:args/command_runner.dart:109)
#11     new Future.sync (dart:async/future.dart:222)
#12     CommandRunner.run (package:args/command_runner.dart:109)
#13     FlutterCommandRunner.run (package:flutter_tools/src/runner/flutter_command_runner.dart:166)
#14     run.<anonymous closure> (package:flutter_tools/runner.dart:90)
<asynchronous suspension>
#15     AppContext._run (package:flutter_tools/src/base/context.dart:76)
<asynchronous suspension>
#16     AppContext.runInZone.<anonymous closure> (package:flutter_tools/src/base/context.dart:66)
#17     _rootRun (dart:async/zone.dart:1126)
#18     _CustomZone.run (dart:async/zone.dart:1023)
#19     runZoned (dart:async/zone.dart:1501)
#20     AppContext.runInZone (package:flutter_tools/src/base/context.dart:65)
#21     run (package:flutter_tools/runner.dart:61)
<asynchronous suspension>
#22     main (package:flutter_tools/executable.dart:48)
<asynchronous suspension>
#23     main (file:///home/sushma/Tools/flutter/packages/flutter_tools/bin/flutter_tools.dart:16)
#24     _startIsolate.<anonymous closure> (dart:isolate-patch/dart:isolate/isolate_patch.dart:277)
#25     _RawReceivePortImpl._handleMessage (dart:isolate-patch/dart:isolate/isolate_patch.dart:165)
```

## flutter doctor

```
[!] Flutter (Channel beta, v0.1.5, on Linux, locale en_IN)
    • Flutter version 0.1.5 at /home/sushma/Tools/flutter
    • Framework revision 3ea4d06340 (8 days ago), 2018-02-22 11:12:39 -0800
    • Engine revision ead227f118
    • Dart version 2.0.0-dev.28.0.flutter-0b4f01f759
    ✗ Downloaded executables cannot execute on host (see https://github.com/flutter/flutter/issues/6207 for more information)

[✓] Android toolchain - develop for Android devices (Android SDK 27.0.3)
    • Android SDK at /home/sushma/Android/Sdk
    • Android NDK location not configured (optional; useful for native profiling support)
    • Platform android-27, build-tools 27.0.3
    • Java binary at: /home/sushma/Tools/android-studio/jre/bin/java
    • Java version OpenJDK Runtime Environment (build 1.8.0_152-release-915-b01)

[✓] Android Studio (version 3.0)
    • Android Studio at /home/sushma/Tools/android-studio
    • Java version OpenJDK Runtime Environment (build 1.8.0_152-release-915-b01)

[!] IntelliJ IDEA Community Edition (version 2017.1)
    ✗ Flutter plugin not installed; this adds Flutter specific functionality.
    ✗ Dart plugin not installed; this adds Dart specific functionality.
    • For information about installing plugins, see
      https://flutter.io/intellij-setup/#installing-the-plugins

[!] VS Code (version 1.14.2)
    • VS Code at /usr/share/code
    • Dart Code extension not installed; install from
      https://marketplace.visualstudio.com/items?itemName=Dart-Code.dart-code

[✓] Connected devices (1 available)
    • Android SDK built for x86 • emulator-5554 • android-x86 • Android 5.1.1 (API 22) (emulator)

! Doctor found issues in 3 categories.
```
